[debug] [2022-08-15T09:47:40.792Z] ----------------------------------------------------------------------
[debug] [2022-08-15T09:47:40.794Z] Command:       C:\Program Files\nodejs\node.exe C:\Users\User\AppData\Roaming\npm\node_modules\firebase-tools\lib\bin\firebase.js deploy
[debug] [2022-08-15T09:47:40.795Z] CLI Version:   11.5.0
[debug] [2022-08-15T09:47:40.795Z] Platform:      win32
[debug] [2022-08-15T09:47:40.795Z] Node Version:  v16.15.1
[debug] [2022-08-15T09:47:40.805Z] Time:          Mon Aug 15 2022 15:47:40 GMT+0600 (Bangladesh Standard Time)
[debug] [2022-08-15T09:47:40.805Z] ----------------------------------------------------------------------
[debug] 
[debug] [2022-08-15T09:47:40.810Z] >>> [apiv2][query] GET https://firebase-public.firebaseio.com/cli.json [none]
[debug] [2022-08-15T09:47:40.908Z] > command requires scopes: ["email","openid","https://www.googleapis.com/auth/cloudplatformprojects.readonly","https://www.googleapis.com/auth/firebase","https://www.googleapis.com/auth/cloud-platform"]
[debug] [2022-08-15T09:47:40.909Z] > authorizing via signed-in user (munnaahmed2025@gmail.com)
[debug] [2022-08-15T09:47:40.909Z] [iam] checking project camera-essentials for permissions ["firebase.projects.get","firebasehosting.sites.update"]
[debug] [2022-08-15T09:47:40.911Z] > refreshing access token with scopes: []
[debug] [2022-08-15T09:47:40.912Z] >>> [apiv2][query] POST https://www.googleapis.com/oauth2/v3/token [none]
[debug] [2022-08-15T09:47:40.912Z] >>> [apiv2][body] POST https://www.googleapis.com/oauth2/v3/token [omitted]
[debug] [2022-08-15T09:47:41.223Z] <<< [apiv2][status] POST https://www.googleapis.com/oauth2/v3/token 200
[debug] [2022-08-15T09:47:41.223Z] <<< [apiv2][body] POST https://www.googleapis.com/oauth2/v3/token [omitted]
[debug] [2022-08-15T09:47:41.233Z] >>> [apiv2][query] POST https://cloudresourcemanager.googleapis.com/v1/projects/camera-essentials:testIamPermissions [none]
[debug] [2022-08-15T09:47:41.234Z] >>> [apiv2][(partial)header] POST https://cloudresourcemanager.googleapis.com/v1/projects/camera-essentials:testIamPermissions x-goog-quota-user=projects/camera-essentials
[debug] [2022-08-15T09:47:41.234Z] >>> [apiv2][body] POST https://cloudresourcemanager.googleapis.com/v1/projects/camera-essentials:testIamPermissions {"permissions":["firebase.projects.get","firebasehosting.sites.update"]}
[debug] [2022-08-15T09:47:41.591Z] <<< [apiv2][status] GET https://firebase-public.firebaseio.com/cli.json 200
[debug] [2022-08-15T09:47:41.591Z] <<< [apiv2][body] GET https://firebase-public.firebaseio.com/cli.json {"cloudBuildErrorAfter":1594252800000,"cloudBuildWarnAfter":1590019200000,"defaultNode10After":1594252800000,"minVersion":"3.0.5","node8DeploysDisabledAfter":1613390400000,"node8RuntimeDisabledAfter":1615809600000,"node8WarnAfter":1600128000000}
[debug] [2022-08-15T09:47:42.953Z] <<< [apiv2][status] POST https://cloudresourcemanager.googleapis.com/v1/projects/camera-essentials:testIamPermissions 200
[debug] [2022-08-15T09:47:42.953Z] <<< [apiv2][body] POST https://cloudresourcemanager.googleapis.com/v1/projects/camera-essentials:testIamPermissions {"permissions":["firebase.projects.get","firebasehosting.sites.update"]}
[debug] [2022-08-15T09:47:42.955Z] >>> [apiv2][query] GET https://firebase.googleapis.com/v1beta1/projects/camera-essentials [none]
[debug] [2022-08-15T09:47:43.512Z] <<< [apiv2][status] GET https://firebase.googleapis.com/v1beta1/projects/camera-essentials 200
[debug] [2022-08-15T09:47:43.512Z] <<< [apiv2][body] GET https://firebase.googleapis.com/v1beta1/projects/camera-essentials {"projectId":"camera-essentials","projectNumber":"817687747009","displayName":"Camera Essentials","name":"projects/camera-essentials","resources":{"hostingSite":"camera-essentials"},"state":"ACTIVE"}
[info] 
[info] === Deploying to 'camera-essentials'...
[info] 
[info] i  deploying hosting 
[debug] [2022-08-15T09:47:43.517Z] >>> [apiv2][query] GET https://firebase.googleapis.com/v1beta1/projects/camera-essentials [none]
[debug] [2022-08-15T09:47:44.017Z] <<< [apiv2][status] GET https://firebase.googleapis.com/v1beta1/projects/camera-essentials 200
[debug] [2022-08-15T09:47:44.017Z] <<< [apiv2][body] GET https://firebase.googleapis.com/v1beta1/projects/camera-essentials {"projectId":"camera-essentials","projectNumber":"817687747009","displayName":"Camera Essentials","name":"projects/camera-essentials","resources":{"hostingSite":"camera-essentials"},"state":"ACTIVE"}
[debug] [2022-08-15T09:47:44.022Z] >>> [apiv2][query] POST https://firebasehosting.googleapis.com/v1beta1/projects/817687747009/sites/camera-essentials/versions [none]
[debug] [2022-08-15T09:47:44.023Z] >>> [apiv2][body] POST https://firebasehosting.googleapis.com/v1beta1/projects/817687747009/sites/camera-essentials/versions {"config":{"rewrites":[{"glob":"**","path":"/index.html"}]},"labels":{"deployment-tool":"cli-firebase"}}
[debug] [2022-08-15T09:47:46.370Z] <<< [apiv2][status] POST https://firebasehosting.googleapis.com/v1beta1/projects/817687747009/sites/camera-essentials/versions 200
[debug] [2022-08-15T09:47:46.371Z] <<< [apiv2][body] POST https://firebasehosting.googleapis.com/v1beta1/projects/817687747009/sites/camera-essentials/versions {"name":"projects/817687747009/sites/camera-essentials/versions/1eb6a2daa443c54e","status":"CREATED","config":{"rewrites":[{"glob":"**","path":"/index.html"}]},"labels":{"deployment-tool":"cli-firebase"}}
[info] i  hosting[camera-essentials]: beginning deploy... 
[info] i  hosting[camera-essentials]: found 15 files in build 
[debug] [2022-08-15T09:47:46.391Z] [hosting] uploading with 200 concurrency
[debug] [2022-08-15T09:47:46.401Z] [hosting] hash cache [YnVpbGQ] stored for 15 files
[debug] [2022-08-15T09:47:46.401Z] [hosting][hash queue][FINAL] {"max":3,"min":0,"avg":0,"active":0,"complete":15,"success":15,"errored":0,"retried":0,"total":15,"elapsed":6}
[debug] [2022-08-15T09:47:46.402Z] >>> [apiv2][query] POST https://firebasehosting.googleapis.com/v1beta1/projects/817687747009/sites/camera-essentials/versions/1eb6a2daa443c54e:populateFiles [none]
[debug] [2022-08-15T09:47:46.402Z] >>> [apiv2][body] POST https://firebasehosting.googleapis.com/v1beta1/projects/817687747009/sites/camera-essentials/versions/1eb6a2daa443c54e:populateFiles {"files":{"/asset-manifest.json":"ecd2cdf9748043d45f018e9f7aa07e85ce927127e4a6b62fc99e959da8ce18c6","/fakeData.json":"325dbb4de22754e091dc084f471fe88831f7e0ba7bb9bb05b1f33bf335482fc4","/favicon.ico":"eae62e993eb980ec8a25058c39d5a51feab118bd2100c4deebb2a9c158ec11f9","/index.html":"8ea779f3fe40dd0f21f738bae3e5ba18a566074a5334e7ac816fb7691cbe81d2","/logo192.png":"3ee59515172ee198f3be375979df15ac5345183e656720a381b8872b2a39dc8b","/logo512.png":"ee7e2f3fdb8209c4b6fd7bef6ba50d1b9dba30a25bb5c3126df057e1cb6f5331","/manifest.json":"aff3449bdc238776f5d6d967f19ec491b36aed5fb7f23ccff6500736fd58494a","/robots.txt":"bfe106a3fb878dc83461c86818bf74fc1bdc7f28538ba613cd3e775516ce8b49","/static/css/main.2a05f414.css":"f964288a859eab6c1b6f9736d7cc396a6cde8bd81b96c81723b49150d924f441","/static/css/main.2a05f414.css.map":"908b42462c62800500ee9be3c036675478ec095bc3d0c880b9770ba24510e1db","/static/js/787.5e81405e.chunk.js":"65dd1f27e94dc6c747a6778dd5c405edf368dda8d53bc5d3b81ddb96a58d97b8","/static/js/787.5e81405e.chunk.js.map":"0cd57c5585a173b1c10c33f9329404f06d9225b26e09a6baa0518b35383f751f","/static/js/main.36d69607.js":"7c844c5d96a9dff693894c9a1f67226796cf4bafca625945e046e0ac891fea6f","/static/js/main.36d69607.js.LICENSE.txt":"c834764c20b33122aa620689bc5c8ab6e7de53731a3487825708ae591950e7ac","/static/js/main.36d69607.js.map":"e42a21d188306179c33b6e119a3f7fcdb77fd262b8578d1278fb55826fb9fda3"}}
[debug] [2022-08-15T12:26:57.359Z] Error: kill ENOSYS
    at process.kill (node:internal/process/per_thread:220:13)
    at process.listener (C:\Users\User\AppData\Roaming\npm\node_modules\firebase-tools\node_modules\signal-exit\index.js:95:15)
    at process.emit (node:events:527:28)
[error] 
[error] Error: An unexpected error has occurred.
